<?xml version="1.0" encoding="UTF-8"?>
<!-- Generated by org.testng.reporters.JUnitReportReporter -->
<testsuite skipped="0" hostname="LAPTOP-6H8A5GTK" name="com.testcase.LoginTestCase" tests="4" failures="0" timestamp="16 Apr 2017 06:14:00 GMT" time="22.237" errors="0">
  <testcase name="MethodInvalidUserId" time="5.626" classname="com.testcase.LoginTestCase"/>
  <testcase name="MethodLogin" time="5.740" classname="com.testcase.LoginTestCase"/>
  <testcase name="MethodInvalidPassword" time="6.084" classname="com.testcase.LoginTestCase"/>
  <testcase name="MethodInvalidBoth" time="4.787" classname="com.testcase.LoginTestCase"/>
</testsuite> <!-- com.testcase.LoginTestCase -->
