<?xml version="1.0" encoding="UTF-8"?>
<!-- Generated by org.testng.reporters.JUnitReportReporter -->
<testsuite skipped="0" hostname="LAPTOP-6H8A5GTK" name="GetDriver" tests="1" failures="0" timestamp="12 Apr 2017 18:25:04 GMT" time="29.114" errors="0">
  <testcase name="InitBrowser" time="29.114" classname="GetDriver"/>
</testsuite> <!-- GetDriver -->
