<?xml version="1.0" encoding="UTF-8"?>
<!-- Generated by org.testng.reporters.JUnitReportReporter -->
<testsuite skipped="0" hostname="LAPTOP-6H8A5GTK" name="LoginTestCase" tests="4" failures="0" timestamp="14 Apr 2017 18:45:01 GMT" time="19.688" errors="0">
  <testcase name="MethodLogin" time="6.049" classname="LoginTestCase"/>
  <testcase name="MethodInvalidUserId" time="5.024" classname="LoginTestCase"/>
  <testcase name="MethodInvalidPassword" time="4.194" classname="LoginTestCase"/>
  <testcase name="MethodInvalidBoth" time="4.421" classname="LoginTestCase"/>
</testsuite> <!-- LoginTestCase -->
